[33mWARNING[0m:  [04-03-2025 07:08:27] chroma_server_nofile is not supported on Windows. chroma_server_nofile will not be set.
[32mINFO[0m:     [04-03-2025 07:08:29] Anonymized telemetry enabled. See                     https://docs.trychroma.com/telemetry for more information.
[36mDEBUG[0m:    [04-03-2025 07:08:29] Starting component System
[36mDEBUG[0m:    [04-03-2025 07:08:29] Starting component OpenTelemetryClient
[36mDEBUG[0m:    [04-03-2025 07:08:29] Starting component SqliteDB
[36mDEBUG[0m:    [04-03-2025 07:08:29] Starting component SimpleQuotaEnforcer
[36mDEBUG[0m:    [04-03-2025 07:08:29] Starting component Posthog
[36mDEBUG[0m:    [04-03-2025 07:08:29] Starting component SimpleRateLimitEnforcer
[36mDEBUG[0m:    [04-03-2025 07:08:29] Starting component LocalSegmentManager
[36mDEBUG[0m:    [04-03-2025 07:08:29] Starting component LocalExecutor
[36mDEBUG[0m:    [04-03-2025 07:08:29] Starting component SegmentAPI
[36mDEBUG[0m:    [04-03-2025 07:08:29] Starting component SimpleAsyncRateLimitEnforcer
[32mINFO[0m:     [04-03-2025 07:08:29] Started server process [[36m23276[0m]
[32mINFO[0m:     [04-03-2025 07:08:29] Waiting for application startup.
[32mINFO[0m:     [04-03-2025 07:08:29] Application startup complete.
[31mERROR[0m:    [04-03-2025 07:08:29] [Errno 10048] error while attempting to bind on address ('::1', 8008, 0, 0): [winerror 10048] only one usage of each socket address (protocol/network address/port) is normally permitted
[32mINFO[0m:     [04-03-2025 07:08:29] Waiting for application shutdown.
[36mDEBUG[0m:    [04-03-2025 07:08:29] Stopping component System
[36mDEBUG[0m:    [04-03-2025 07:08:29] Stopping component SegmentAPI
[36mDEBUG[0m:    [04-03-2025 07:08:29] Stopping component LocalExecutor
[36mDEBUG[0m:    [04-03-2025 07:08:29] Stopping component LocalSegmentManager
[36mDEBUG[0m:    [04-03-2025 07:08:29] Stopping component SimpleAsyncRateLimitEnforcer
[36mDEBUG[0m:    [04-03-2025 07:08:29] Stopping component SimpleRateLimitEnforcer
[36mDEBUG[0m:    [04-03-2025 07:08:29] Stopping component Posthog
[36mDEBUG[0m:    [04-03-2025 07:08:29] Stopping component SimpleQuotaEnforcer
[36mDEBUG[0m:    [04-03-2025 07:08:29] Stopping component SqliteDB
[36mDEBUG[0m:    [04-03-2025 07:08:29] Stopping component OpenTelemetryClient
[32mINFO[0m:     [04-03-2025 07:08:29] Application shutdown complete.
[33mWARNING[0m:  [04-03-2025 07:09:08] chroma_server_nofile is not supported on Windows. chroma_server_nofile will not be set.
[32mINFO[0m:     [04-03-2025 07:09:08] Anonymized telemetry enabled. See                     https://docs.trychroma.com/telemetry for more information.
[36mDEBUG[0m:    [04-03-2025 07:09:08] Starting component System
[36mDEBUG[0m:    [04-03-2025 07:09:08] Starting component OpenTelemetryClient
[36mDEBUG[0m:    [04-03-2025 07:09:08] Starting component SqliteDB
[36mDEBUG[0m:    [04-03-2025 07:09:08] Starting component SimpleQuotaEnforcer
[36mDEBUG[0m:    [04-03-2025 07:09:08] Starting component Posthog
[36mDEBUG[0m:    [04-03-2025 07:09:08] Starting component SimpleRateLimitEnforcer
[36mDEBUG[0m:    [04-03-2025 07:09:08] Starting component LocalSegmentManager
[36mDEBUG[0m:    [04-03-2025 07:09:08] Starting component LocalExecutor
[36mDEBUG[0m:    [04-03-2025 07:09:08] Starting component SegmentAPI
[36mDEBUG[0m:    [04-03-2025 07:09:08] Starting component SimpleAsyncRateLimitEnforcer
[32mINFO[0m:     [04-03-2025 07:09:09] Started server process [[36m22344[0m]
[32mINFO[0m:     [04-03-2025 07:09:09] Waiting for application startup.
[32mINFO[0m:     [04-03-2025 07:09:09] Application startup complete.
[32mINFO[0m:     [04-03-2025 07:09:09] Uvicorn running on [1mhttp://localhost:8018[0m (Press CTRL+C to quit)
[32mINFO[0m:     [04-03-2025 07:09:24] ::1:59546 - "GET / HTTP/1.1" 404
[32mINFO[0m:     [04-03-2025 07:09:25] ::1:59546 - "GET /favicon.ico HTTP/1.1" 404
[32mINFO[0m:     [04-03-2025 07:10:40] Shutting down
[32mINFO[0m:     [04-03-2025 07:10:40] Waiting for application shutdown.
[36mDEBUG[0m:    [04-03-2025 07:10:40] Stopping component System
[36mDEBUG[0m:    [04-03-2025 07:10:40] Stopping component SegmentAPI
[36mDEBUG[0m:    [04-03-2025 07:10:40] Stopping component LocalExecutor
[36mDEBUG[0m:    [04-03-2025 07:10:40] Stopping component LocalSegmentManager
[36mDEBUG[0m:    [04-03-2025 07:10:40] Stopping component SimpleAsyncRateLimitEnforcer
[36mDEBUG[0m:    [04-03-2025 07:10:40] Stopping component SimpleRateLimitEnforcer
[36mDEBUG[0m:    [04-03-2025 07:10:40] Stopping component Posthog
[36mDEBUG[0m:    [04-03-2025 07:10:40] Stopping component SimpleQuotaEnforcer
[36mDEBUG[0m:    [04-03-2025 07:10:40] Stopping component SqliteDB
[36mDEBUG[0m:    [04-03-2025 07:10:40] Stopping component OpenTelemetryClient
[32mINFO[0m:     [04-03-2025 07:10:40] Application shutdown complete.
[32mINFO[0m:     [04-03-2025 07:10:40] Finished server process [[36m22344[0m]
